# JRE version: Java(TM) SE Runtime Environment (10.0.2+13) (build 10.0.2+13)
# Java VM: Java HotSpot(TM) 64-Bit Server VM (10.0.2+13, mixed mode, tiered, compressed oops, g1 gc, windows-amd64)
Heap:
 garbage-first heap   total 92160K, used 29221K [0x00000000c2200000, 0x0000000100000000)
  region size 1024K, 7 young (7168K), 4 survivors (4096K)
 Metaspace       used 52639K, capacity 53664K, committed 54144K, reserved 1097728K
  class space    used 6031K, capacity 6425K, committed 6528K, reserved 1048576K
GC Heap History (10 events):
Event: 8.924 GC heap before
{Heap before GC invocations=13 (full 0):
 garbage-first heap   total 76800K, used 50503K [0x00000000c2200000, 0x0000000100000000)
  region size 1024K, 36 young (36864K), 4 survivors (4096K)
 Metaspace       used 44357K, capacity 45203K, committed 45568K, reserved 1089536K
  class space    used 4969K, capacity 5297K, committed 5376K, reserved 1048576K
}
Event: 8.936 GC heap after
{Heap after GC invocations=14 (full 0):
 garbage-first heap   total 76800K, used 19599K [0x00000000c2200000, 0x0000000100000000)
  region size 1024K, 4 young (4096K), 4 survivors (4096K)
 Metaspace       used 44357K, capacity 45203K, committed 45568K, reserved 1089536K
  class space    used 4969K, capacity 5297K, committed 5376K, reserved 1048576K
}
Event: 10.399 GC heap before
{Heap before GC invocations=14 (full 0):
 garbage-first heap   total 76800K, used 52367K [0x00000000c2200000, 0x0000000100000000)
  region size 1024K, 36 young (36864K), 4 survivors (4096K)
 Metaspace       used 46239K, capacity 47177K, committed 47616K, reserved 1091584K
  class space    used 5189K, capacity 5544K, committed 5632K, reserved 1048576K
}
Event: 10.415 GC heap after
{Heap after GC invocations=15 (full 0):
 garbage-first heap   total 76800K, used 21765K [0x00000000c2200000, 0x0000000100000000)
  region size 1024K, 5 young (5120K), 5 survivors (5120K)
 Metaspace       used 46239K, capacity 47177K, committed 47616K, reserved 1091584K
  class space    used 5189K, capacity 5544K, committed 5632K, reserved 1048576K
}
Event: 10.877 GC heap before
{Heap before GC invocations=15 (full 0):
 garbage-first heap   total 76800K, used 53509K [0x00000000c2200000, 0x0000000100000000)
  region size 1024K, 36 young (36864K), 5 survivors (5120K)
 Metaspace       used 47707K, capacity 48721K, committed 49152K, reserved 1093632K
  class space    used 5388K, capacity 5782K, committed 5888K, reserved 1048576K
}
Event: 10.890 GC heap after
{Heap after GC invocations=16 (full 0):
 garbage-first heap   total 76800K, used 23986K [0x00000000c2200000, 0x0000000100000000)
  region size 1024K, 5 young (5120K), 5 survivors (5120K)
 Metaspace       used 47707K, capacity 48721K, committed 49152K, reserved 1093632K
  class space    used 5388K, capacity 5782K, committed 5888K, reserved 1048576K
}
Event: 11.479 GC heap before
{Heap before GC invocations=16 (full 0):
 garbage-first heap   total 76800K, used 56754K [0x00000000c2200000, 0x0000000100000000)
  region size 1024K, 37 young (37888K), 5 survivors (5120K)
 Metaspace       used 49009K, capacity 50110K, committed 50304K, reserved 1093632K
  class space    used 5563K, capacity 5969K, committed 6016K, reserved 1048576K
}
Event: 11.491 GC heap after
{Heap after GC invocations=17 (full 0):
 garbage-first heap   total 92160K, used 26280K [0x00000000c2200000, 0x0000000100000000)
  region size 1024K, 5 young (5120K), 5 survivors (5120K)
 Metaspace       used 49009K, capacity 50110K, committed 50304K, reserved 1093632K
  class space    used 5563K, capacity 5969K, committed 6016K, reserved 1048576K
}
Event: 41.655 GC heap before
{Heap before GC invocations=17 (full 0):
 garbage-first heap   total 92160K, used 65192K [0x00000000c2200000, 0x0000000100000000)
  region size 1024K, 43 young (44032K), 5 survivors (5120K)
 Metaspace       used 52367K, capacity 53472K, committed 53888K, reserved 1097728K
  class space    used 6007K, capacity 6425K, committed 6528K, reserved 1048576K
}
Event: 41.670 GC heap after
{Heap after GC invocations=18 (full 0):
 garbage-first heap   total 92160K, used 27173K [0x00000000c2200000, 0x0000000100000000)
  region size 1024K, 4 young (4096K), 4 survivors (4096K)
 Metaspace       used 52367K, capacity 53472K, committed 53888K, reserved 1097728K
  class space    used 6007K, capacity 6425K, committed 6528K, reserved 1048576K
}

